DEPRECATION WARNING: Using a dynamic :controller segment in a route is deprecated and will be removed in Rails 5.1. (called from block in <top (required)> at /Users/fredericksmith/TPOHS/config/routes.rb:2)
DEPRECATION WARNING: Using a dynamic :action segment in a route is deprecated and will be removed in Rails 5.1. (called from block in <top (required)> at /Users/fredericksmith/TPOHS/config/routes.rb:2)
DEPRECATION WARNING: Using a dynamic :controller segment in a route is deprecated and will be removed in Rails 5.1. (called from block in <top (required)> at /Users/fredericksmith/TPOHS/config/routes.rb:2)
DEPRECATION WARNING: Using a dynamic :action segment in a route is deprecated and will be removed in Rails 5.1. (called from block in <top (required)> at /Users/fredericksmith/TPOHS/config/routes.rb:2)
DEPRECATION WARNING: Using a dynamic :controller segment in a route is deprecated and will be removed in Rails 5.1. (called from block in <top (required)> at /Users/fredericksmith/TPOHS/config/routes.rb:2)
DEPRECATION WARNING: Using a dynamic :action segment in a route is deprecated and will be removed in Rails 5.1. (called from block in <top (required)> at /Users/fredericksmith/TPOHS/config/routes.rb:2)
DEPRECATION WARNING: Using a dynamic :controller segment in a route is deprecated and will be removed in Rails 5.1. (called from block in <top (required)> at /Users/fredericksmith/TPOHS/config/routes.rb:2)
DEPRECATION WARNING: Using a dynamic :action segment in a route is deprecated and will be removed in Rails 5.1. (called from block in <top (required)> at /Users/fredericksmith/TPOHS/config/routes.rb:2)
DEPRECATION WARNING: Using a dynamic :controller segment in a route is deprecated and will be removed in Rails 5.1. (called from block in <top (required)> at /Users/fredericksmith/TPOHS/config/routes.rb:2)
DEPRECATION WARNING: Using a dynamic :action segment in a route is deprecated and will be removed in Rails 5.1. (called from block in <top (required)> at /Users/fredericksmith/TPOHS/config/routes.rb:2)
DEPRECATION WARNING: Using a dynamic :controller segment in a route is deprecated and will be removed in Rails 5.1. (called from block in <top (required)> at /Users/fredericksmith/TPOHS/config/routes.rb:2)
DEPRECATION WARNING: Using a dynamic :action segment in a route is deprecated and will be removed in Rails 5.1. (called from block in <top (required)> at /Users/fredericksmith/TPOHS/config/routes.rb:2)
DEPRECATION WARNING: Using a dynamic :controller segment in a route is deprecated and will be removed in Rails 5.1. (called from block in <top (required)> at /Users/fredericksmith/TPOHS/config/routes.rb:2)
DEPRECATION WARNING: Using a dynamic :action segment in a route is deprecated and will be removed in Rails 5.1. (called from block in <top (required)> at /Users/fredericksmith/TPOHS/config/routes.rb:2)
DEPRECATION WARNING: Using a dynamic :controller segment in a route is deprecated and will be removed in Rails 5.1. (called from block in <top (required)> at /Users/fredericksmith/TPOHS/config/routes.rb:2)
DEPRECATION WARNING: Using a dynamic :action segment in a route is deprecated and will be removed in Rails 5.1. (called from block in <top (required)> at /Users/fredericksmith/TPOHS/config/routes.rb:2)
  [1m[35m (375.3ms)[0m  [1m[35mCREATE TABLE `schema_migrations` (`version` varchar(255) PRIMARY KEY) ENGINE=InnoDB[0m
  [1m[35m (85.3ms)[0m  [1m[35mCREATE TABLE `ar_internal_metadata` (`key` varchar(255) PRIMARY KEY, `value` varchar(255), `created_at` datetime NOT NULL, `updated_at` datetime NOT NULL) ENGINE=InnoDB[0m
  [1m[35m (0.7ms)[0m  [1m[34mSELECT DATABASE() as db[0m
  [1m[35m (12.3ms)[0m  [1m[34mSELECT GET_LOCK('2567701737934802280', 0);[0m
  [1m[36mActiveRecord::SchemaMigration Load (42.8ms)[0m  [1m[34mSELECT `schema_migrations`.* FROM `schema_migrations`[0m
Migrating to CreateShows (20170124051109)
  [1m[35m (71.1ms)[0m  [1m[35mCREATE TABLE `shows` (`id` int AUTO_INCREMENT PRIMARY KEY, `title` varchar(255), `show_date` datetime, `description` text, `ticket_cost` varchar(255), `location` varchar(255), `created_at` datetime NOT NULL, `updated_at` datetime NOT NULL) ENGINE=InnoDB[0m
  [1m[35m (5.4ms)[0m  [1m[35mBEGIN[0m
  [1m[35mSQL (12.8ms)[0m  [1m[32mINSERT INTO `schema_migrations` (`version`) VALUES ('20170124051109')[0m
  [1m[35m (24.0ms)[0m  [1m[35mCOMMIT[0m
  [1m[36mActiveRecord::InternalMetadata Load (1.4ms)[0m  [1m[34mSELECT  `ar_internal_metadata`.* FROM `ar_internal_metadata` WHERE `ar_internal_metadata`.`key` = 'environment' LIMIT 1[0m
  [1m[35m (0.2ms)[0m  [1m[35mBEGIN[0m
  [1m[35mSQL (23.2ms)[0m  [1m[32mINSERT INTO `ar_internal_metadata` (`key`, `value`, `created_at`, `updated_at`) VALUES ('environment', 'development', '2017-01-24 05:44:35', '2017-01-24 05:44:35')[0m
  [1m[35m (5.1ms)[0m  [1m[35mCOMMIT[0m
  [1m[35m (1.8ms)[0m  [1m[34mSELECT RELEASE_LOCK('2567701737934802280')[0m
  [1m[36mActiveRecord::SchemaMigration Load (0.3ms)[0m  [1m[34mSELECT `schema_migrations`.* FROM `schema_migrations`[0m
  [1m[35m (0.6ms)[0m  [1m[35mSHOW CREATE TABLE `shows`[0m
  [1m[35m (1.2ms)[0m  [1m[35mSHOW TABLE STATUS LIKE 'shows'[0m
DEPRECATION WARNING: Using a dynamic :controller segment in a route is deprecated and will be removed in Rails 5.1. (called from block in <top (required)> at /Users/fredericksmith/TPOHS/config/routes.rb:2)
DEPRECATION WARNING: Using a dynamic :action segment in a route is deprecated and will be removed in Rails 5.1. (called from block in <top (required)> at /Users/fredericksmith/TPOHS/config/routes.rb:2)
DEPRECATION WARNING: Using a dynamic :controller segment in a route is deprecated and will be removed in Rails 5.1. (called from block in <top (required)> at /Users/fredericksmith/TPOHS/config/routes.rb:2)
DEPRECATION WARNING: Using a dynamic :action segment in a route is deprecated and will be removed in Rails 5.1. (called from block in <top (required)> at /Users/fredericksmith/TPOHS/config/routes.rb:2)
DEPRECATION WARNING: Using a dynamic :controller segment in a route is deprecated and will be removed in Rails 5.1. (called from block in <top (required)> at /Users/fredericksmith/TPOHS/config/routes.rb:2)
DEPRECATION WARNING: Using a dynamic :action segment in a route is deprecated and will be removed in Rails 5.1. (called from block in <top (required)> at /Users/fredericksmith/TPOHS/config/routes.rb:2)
Started GET "/" for ::1 at 2017-01-23 21:50:36 -0800
DEPRECATION WARNING: Using a dynamic :controller segment in a route is deprecated and will be removed in Rails 5.1. (called from block in <top (required)> at /Users/fredericksmith/TPOHS/config/routes.rb:2)
DEPRECATION WARNING: Using a dynamic :action segment in a route is deprecated and will be removed in Rails 5.1. (called from block in <top (required)> at /Users/fredericksmith/TPOHS/config/routes.rb:2)
  [1m[36mActiveRecord::SchemaMigration Load (167.4ms)[0m  [1m[34mSELECT `schema_migrations`.* FROM `schema_migrations`[0m
Processing by HomeController#index as HTML
  Rendering home/index.html.erb within layouts/application
  Rendered home/index.html.erb within layouts/application (24.2ms)
Completed 200 OK in 5055ms (Views: 4989.0ms | ActiveRecord: 0.0ms)


Started GET "/shows" for ::1 at 2017-01-23 21:50:59 -0800
Processing by ShowsController#index as HTML
  Rendering shows/index.html.erb within layouts/application
  Rendered shows/index.html.erb within layouts/application (28.3ms)
Completed 200 OK in 1394ms (Views: 1286.2ms | ActiveRecord: 0.0ms)


